<?xml version="1.0" encoding="UTF-8"?>
<!-- Generated by org.testng.reporters.JUnitXMLReporter -->
<testsuite ignored="4" hostname="DESKTOP-58RE0M7" failures="0" tests="5" name="Test" time="16.133" errors="0" timestamp="2022-12-06T08:22:42 IST">
  <testcase classname="com.vyasasti.pom.testclass.MyAccountPageTest" name="verifyTitleofPage" time="0.47"/>
  <testcase classname="com.vyasasti.pom.testclass.MyAccountPageTest" name="VerifyLostPassworddisplay" time="0.623"/>
  <testcase classname="com.vyasasti.pom.testclass.MyAccountPageTest" name="verifyLoginHeaderDisplayed" time="0.058"/>
  <testcase classname="com.vyasasti.pom.testclass.MyAccountPageTest" name="verifyPasswordLostLinkEnabled" time="0.285"/>
  <testcase classname="com.vyasasti.pom.testclass.MyAccountPageTest" name="verifyLoginSuccess" time="3.089"/>
  <testcase classname="com.vyasasti.pom.testclass.TestBase" name="@BeforeSuite SetDriver" time="0.0">
    <ignored/>
  </testcase> <!-- @BeforeSuite SetDriver -->
  <testcase classname="com.vyasasti.pom.testclass.TestBase" name="@BeforeSuite SetDriver" time="0.0">
    <ignored/>
  </testcase> <!-- @BeforeSuite SetDriver -->
  <testcase classname="com.vyasasti.pom.testclass.TestBase" name="@AfterSuite CloseDriver" time="0.0">
    <ignored/>
  </testcase> <!-- @AfterSuite CloseDriver -->
  <testcase classname="com.vyasasti.pom.testclass.TestBase" name="@AfterSuite CloseDriver" time="0.0">
    <ignored/>
  </testcase> <!-- @AfterSuite CloseDriver -->
</testsuite> <!-- Test -->
