<?xml version="1.0" encoding="UTF-8"?>
<testng-results ignored="4" total="9" passed="5" failed="0" skipped="0">
  <reporter-output>
  </reporter-output>
  <suite started-at="2022-12-06T08:22:25 IST" name="Suite" finished-at="2022-12-06T08:22:42 IST" duration-ms="16133">
    <groups>
    </groups>
    <test started-at="2022-12-06T08:22:25 IST" name="Test" finished-at="2022-12-06T08:22:42 IST" duration-ms="16133">
      <class name="com.vyasasti.pom.testclass.ShopPageTest">
        <test-method is-config="true" signature="SetDriver()[pri:0, instance:com.vyasasti.pom.testclass.ShopPageTest@34f5090e]" started-at="2022-12-06T08:22:02 IST" name="SetDriver" finished-at="2022-12-06T08:22:25 IST" duration-ms="23768" status="PASS">
          <reporter-output>
          </reporter-output>
        </test-method> <!-- SetDriver -->
        <test-method is-config="true" signature="CloseDriver()[pri:0, instance:com.vyasasti.pom.testclass.ShopPageTest@34f5090e]" started-at="2022-12-06T08:22:42 IST" name="CloseDriver" finished-at="2022-12-06T08:22:43 IST" duration-ms="283" status="PASS">
          <reporter-output>
          </reporter-output>
        </test-method> <!-- CloseDriver -->
      </class> <!-- com.vyasasti.pom.testclass.ShopPageTest -->
      <class name="com.vyasasti.pom.testclass.MyAccountPageTest">
        <test-method is-config="true" signature="OpenBrowser()[pri:0, instance:com.vyasasti.pom.testclass.MyAccountPageTest@57af006c]" started-at="2022-12-06T08:22:25 IST" name="OpenBrowser" finished-at="2022-12-06T08:22:35 IST" duration-ms="9959" status="PASS">
          <reporter-output>
          </reporter-output>
        </test-method> <!-- OpenBrowser -->
        <test-method signature="verifyTitleofPage()[pri:1, instance:com.vyasasti.pom.testclass.MyAccountPageTest@57af006c]" started-at="2022-12-06T08:22:35 IST" name="verifyTitleofPage" finished-at="2022-12-06T08:22:36 IST" duration-ms="470" status="PASS">
          <reporter-output>
          </reporter-output>
        </test-method> <!-- verifyTitleofPage -->
        <test-method signature="VerifyLostPassworddisplay()[pri:2, instance:com.vyasasti.pom.testclass.MyAccountPageTest@57af006c]" started-at="2022-12-06T08:22:36 IST" name="VerifyLostPassworddisplay" finished-at="2022-12-06T08:22:37 IST" duration-ms="623" status="PASS">
          <reporter-output>
          </reporter-output>
        </test-method> <!-- VerifyLostPassworddisplay -->
        <test-method signature="verifyLoginHeaderDisplayed()[pri:3, instance:com.vyasasti.pom.testclass.MyAccountPageTest@57af006c]" started-at="2022-12-06T08:22:37 IST" name="verifyLoginHeaderDisplayed" finished-at="2022-12-06T08:22:37 IST" duration-ms="58" status="PASS">
          <reporter-output>
          </reporter-output>
        </test-method> <!-- verifyLoginHeaderDisplayed -->
        <test-method signature="verifyPasswordLostLinkEnabled()[pri:4, instance:com.vyasasti.pom.testclass.MyAccountPageTest@57af006c]" started-at="2022-12-06T08:22:37 IST" name="verifyPasswordLostLinkEnabled" finished-at="2022-12-06T08:22:37 IST" duration-ms="285" status="PASS">
          <reporter-output>
          </reporter-output>
        </test-method> <!-- verifyPasswordLostLinkEnabled -->
        <test-method signature="verifyLoginSuccess()[pri:5, instance:com.vyasasti.pom.testclass.MyAccountPageTest@57af006c]" started-at="2022-12-06T08:22:37 IST" name="verifyLoginSuccess" finished-at="2022-12-06T08:22:40 IST" duration-ms="3089" status="PASS">
          <reporter-output>
          </reporter-output>
        </test-method> <!-- verifyLoginSuccess -->
        <test-method is-config="true" signature="closeBrowser()[pri:0, instance:com.vyasasti.pom.testclass.MyAccountPageTest@57af006c]" started-at="2022-12-06T08:22:40 IST" name="closeBrowser" finished-at="2022-12-06T08:22:42 IST" duration-ms="1564" status="PASS">
          <reporter-output>
          </reporter-output>
        </test-method> <!-- closeBrowser -->
      </class> <!-- com.vyasasti.pom.testclass.MyAccountPageTest -->
    </test> <!-- Test -->
  </suite> <!-- Suite -->
</testng-results>
