<?xml version="1.0" encoding="UTF-8"?>
<testsuite xmlns:xsi="http://www.w3.org/2001/XMLSchema-instance" xsi:noNamespaceSchemaLocation="https://maven.apache.org/surefire/maven-surefire-plugin/xsd/surefire-test-report-3.0.xsd" version="3.0" name="TestSuite" time="43.028" tests="5" errors="0" skipped="0" failures="0">
  <properties>
[...]
</properties>
  <testcase name="verifyTitleofPage" classname="com.vyasasti.pom.testclass.MyAccountPageTest" time="0.414">
    <system-err><![CDATA[Starting ChromeDriver 106.0.5249.61 (511755355844955cd3e264779baf0dd38212a4d0-refs/branch-heads/5249@{#569}) on port 12150
Only local connections are allowed.
Please see https://chromedriver.chromium.org/security-considerations for suggestions on keeping ChromeDriver safe.
ChromeDriver was started successfully.
[1670295143.061][WARNING]: This version of ChromeDriver has not been tested with Chrome version 107.
Dec 06, 2022 8:22:25 AM org.openqa.selenium.remote.ProtocolHandshake createSession
INFO: Detected dialect: W3C
]]></system-err>
  </testcase>
  <testcase name="VerifyLostPassworddisplay" classname="com.vyasasti.pom.testclass.MyAccountPageTest" time="0.604"/>
  <testcase name="verifyLoginHeaderDisplayed" classname="com.vyasasti.pom.testclass.MyAccountPageTest" time="0.062"/>
  <testcase name="verifyPasswordLostLinkEnabled" classname="com.vyasasti.pom.testclass.MyAccountPageTest" time="0.282"/>
  <testcase name="verifyLoginSuccess" classname="com.vyasasti.pom.testclass.MyAccountPageTest" time="3.092"/>
</testsuite>